0 info it worked if it ends with ok
1 verbose cli [ '/home/mike/local/bin/node',
1 verbose cli   '/home/mike/local/bin/npm',
1 verbose cli   'install' ]
2 info using npm@1.4.28
3 info using node@v0.10.33
4 warn package.json @ No description
5 warn package.json @ No repository field.
6 warn package.json @ No README data
7 verbose readDependencies using package.json deps
8 verbose install where, deps [ '/home/mike/code/react-gadget-boilerplate',
8 verbose install   [ 'react',
8 verbose install     'underscore',
8 verbose install     'brfs',
8 verbose install     'browserify',
8 verbose install     'browserify-shim',
8 verbose install     'chai',
8 verbose install     'gulp',
8 verbose install     'karma',
8 verbose install     'karma-browserify',
8 verbose install     'karma-chai',
8 verbose install     'karma-cli',
8 verbose install     'karma-mocha',
8 verbose install     'karma-phantomjs-launcher',
8 verbose install     'mocha',
8 verbose install     'polyfill-function-prototype-bind',
8 verbose install     'reactify',
8 verbose install     'vinyl-source-stream' ] ]
9 info preinstall @
10 verbose readDependencies using package.json deps
11 verbose already installed skipping react@~0.12.1 /home/mike/code/react-gadget-boilerplate
12 verbose already installed skipping underscore@~1.7.0 /home/mike/code/react-gadget-boilerplate
13 verbose already installed skipping brfs@~1.2.0 /home/mike/code/react-gadget-boilerplate
14 verbose already installed skipping browserify@~6.3.3 /home/mike/code/react-gadget-boilerplate
15 verbose already installed skipping browserify-shim@~3.8.0 /home/mike/code/react-gadget-boilerplate
16 verbose already installed skipping chai@~1.10.0 /home/mike/code/react-gadget-boilerplate
17 verbose already installed skipping gulp@~3.8.10 /home/mike/code/react-gadget-boilerplate
18 verbose already installed skipping karma@~0.12.28 /home/mike/code/react-gadget-boilerplate
19 verbose already installed skipping karma-browserify@~1.0.0 /home/mike/code/react-gadget-boilerplate
20 verbose already installed skipping karma-chai@~0.1.0 /home/mike/code/react-gadget-boilerplate
21 verbose already installed skipping karma-cli@~0.0.4 /home/mike/code/react-gadget-boilerplate
22 verbose already installed skipping karma-mocha@~0.1.9 /home/mike/code/react-gadget-boilerplate
23 verbose already installed skipping karma-phantomjs-launcher@~0.1.4 /home/mike/code/react-gadget-boilerplate
24 verbose already installed skipping mocha@~2.0.1 /home/mike/code/react-gadget-boilerplate
25 verbose already installed skipping polyfill-function-prototype-bind@~0.0.1 /home/mike/code/react-gadget-boilerplate
26 verbose already installed skipping reactify@~0.17.1 /home/mike/code/react-gadget-boilerplate
27 verbose already installed skipping vinyl-source-stream@~1.0.0 /home/mike/code/react-gadget-boilerplate
28 silly resolved []
29 info build /home/mike/code/react-gadget-boilerplate
30 verbose linkStuff [ false, false, false, '/home/mike/code' ]
31 info linkStuff @
32 verbose linkBins @
33 verbose linkMans @
34 verbose rebuildBundles @
35 verbose rebuildBundles [ '.bin',
35 verbose rebuildBundles   'brfs',
35 verbose rebuildBundles   'browserify',
35 verbose rebuildBundles   'browserify-shim',
35 verbose rebuildBundles   'chai',
35 verbose rebuildBundles   'gulp',
35 verbose rebuildBundles   'karma',
35 verbose rebuildBundles   'karma-browserify',
35 verbose rebuildBundles   'karma-chai',
35 verbose rebuildBundles   'karma-cli',
35 verbose rebuildBundles   'karma-mocha',
35 verbose rebuildBundles   'karma-phantomjs-launcher',
35 verbose rebuildBundles   'mocha',
35 verbose rebuildBundles   'polyfill-function-prototype-bind',
35 verbose rebuildBundles   'react',
35 verbose rebuildBundles   'reactify',
35 verbose rebuildBundles   'underscore',
35 verbose rebuildBundles   'vinyl-source-stream' ]
36 info install @
37 verbose unsafe-perm in lifecycle true
38 info @ Failed to exec install script
39 error @ install: `karma start && gulp`
39 error Exit status 1
40 error Failed at the @ install script.
40 error This is most likely a problem with the  package,
40 error not with npm itself.
40 error Tell the author that this fails on your system:
40 error     karma start && gulp
40 error You can get their info via:
40 error     npm owner ls
40 error There is likely additional logging output above.
41 error System Linux 3.13.0-35-generic
42 error command "/home/mike/local/bin/node" "/home/mike/local/bin/npm" "install"
43 error cwd /home/mike/code/react-gadget-boilerplate
44 error node -v v0.10.33
45 error npm -v 1.4.28
46 error code ELIFECYCLE
47 verbose exit [ 1, true ]
